/Library/Frameworks/Python.framework/Versions/3.13/Resources/Python.app/Contents/MacOS/Python: can't open file '/Users/ellis.osborn/5:30 Real estate/realestate/core/run_app.py': [Errno 2] No such file or directory
/Library/Frameworks/Python.framework/Versions/3.13/Resources/Python.app/Contents/MacOS/Python: can't open file '/Users/ellis.osborn/5:30 Real estate/realestate/core/run_app.py': [Errno 2] No such file or directory
/Library/Frameworks/Python.framework/Versions/3.13/Resources/Python.app/Contents/MacOS/Python: can't open file '/Users/ellis.osborn/5:30 Real estate/realestate/core/run_app.py': [Errno 2] No such file or directory
/Library/Frameworks/Python.framework/Versions/3.13/Resources/Python.app/Contents/MacOS/Python: can't open file '/Users/ellis.osborn/5:30 Real estate/realestate/core/run_app.py': [Errno 2] No such file or directory
2025-06-06 18:03:59,207 - werkzeug - INFO - [31m[1mWARNING: This is a development server. Do not use it in a production deployment. Use a production WSGI server instead.[0m
 * Running on http://127.0.0.1:5001
2025-06-06 18:03:59,207 - werkzeug - INFO - [33mPress CTRL+C to quit[0m
2025-06-06 18:03:59,208 - werkzeug - INFO -  * Restarting with stat
2025-06-06 18:03:59,551 - werkzeug - WARNING -  * Debugger is active!
2025-06-06 18:03:59,559 - werkzeug - INFO -  * Debugger PIN: 384-358-930
2025-06-06 18:06:09,287 - __main__ - ERROR - Failed to start server: (4, 'Interrupted system call')
2025-06-06 18:06:09,291 - __main__ - ERROR - Traceback (most recent call last):
  File "/Users/ellis.osborn/5:30 Real estate/realestate/core/app.py", line 927, in <module>
    run_simple('127.0.0.1', 5001, app, use_debugger=True, use_reloader=True)
    ~~~~~~~~~~^^^^^^^^^^^^^^^^^^^^^^^^^^^^^^^^^^^^^^^^^^^^^^^^^^^^^^^^^^^^^^
  File "/Library/Frameworks/Python.framework/Versions/3.13/lib/python3.13/site-packages/werkzeug/serving.py", line 1099, in run_simple
    run_with_reloader(
    ~~~~~~~~~~~~~~~~~^
        srv.serve_forever,
        ^^^^^^^^^^^^^^^^^^
    ...<3 lines>...
        reloader_type=reloader_type,
        ^^^^^^^^^^^^^^^^^^^^^^^^^^^^
    )
    ^
  File "/Library/Frameworks/Python.framework/Versions/3.13/lib/python3.13/site-packages/werkzeug/_reloader.py", line 446, in run_with_reloader
    ensure_echo_on()
    ~~~~~~~~~~~~~~^^
  File "/Library/Frameworks/Python.framework/Versions/3.13/lib/python3.13/site-packages/werkzeug/_reloader.py", line 426, in ensure_echo_on
    termios.tcsetattr(sys.stdin, termios.TCSANOW, attributes)
    ~~~~~~~~~~~~~~~~~^^^^^^^^^^^^^^^^^^^^^^^^^^^^^^^^^^^^^^^^
termios.error: (4, 'Interrupted system call')

2025-06-06 18:06:09,292 - __main__ - INFO - Shutting down Flask application...
2025-06-06 18:06:09,373 - __main__ - INFO - Shutting down Flask application...
